twenty
twenty-one
twenty-two
twenty-three
twenty-four
twenty-five
twenty-six
twenty-seven
twenty-eight
twenty-nine
twenty one
twenty two
twenty three
twenty four
twenty five
twenty six
twenty seven
twenty eight
twenty nine
twenty
twenties
thirty-one
thirty-two
thirty-three
thirty-four
thirty-five
thirty-six
thirty-seven
thirty-eight
thirty-nine
thirty one
thirty two
thirty three
thirty four
thirty five
thirty six
thirty seven
thirty eight
thirty nine
thirty
thirties
forty-one
forty-two
forty-three
forty-four
forty-five
forty-six
forty-seven
forty-eight
forty-nine
forty one
forty two
forty three
forty four
forty five
forty six
forty seven
forty eight
forty nine
forty
forties
fifty-one
fifty-two
fifty-three
fifty-four
fifty-five
fifty-six
fifty-seven
fifty-eight
fifty-nine
fifty one
fifty two
fifty three
fifty four
fifty five
fifty six
fifty seven
fifty eight
fifty nine
fifty
fifties
sixty-one
sixty-two
sixty-three
sixty-four
sixty-five
sixty-six
sixty-seven
sixty-eight
sixty-nine
sixty one
sixty two
sixty three
sixty four
sixty five
sixty six
sixty seven
sixty eight
sixty nine
sixty
sixties
seventy-one
seventy-two
seventy-three
seventy-four
seventy-five
seventy-six
seventy-seven
seventy-eight
seventy-nine
seventy one
seventy two
seventy three
seventy four
seventy five
seventy six
seventy seven
seventy eight
seventy nine
seventy
seventies
eighty-one
eighty-two
eighty-three
eighty-four
eighty-five
eighty-six
eighty-seven
eighty-eight
eighty-nine
eighty one
eighty two
eighty three
eighty four
eighty five
eighty six
eighty seven
eighty eight
eighty nine
eighty
eighties
ninety-one
ninety-two
ninety-three
ninety-four
ninety-five
ninety-six
ninety-seven
ninety-eight
ninety-nine
ninety one
ninety two
ninety three
ninety four
ninety five
ninety six
ninety seven
ninety eight
ninety nine
ninety
nineties